<?xml version="1.0" encoding="UTF-8"?>
<testsuite xmlns:xsi="http://www.w3.org/2001/XMLSchema-instance" xsi:noNamespaceSchemaLocation="https://maven.apache.org/surefire/maven-surefire-plugin/xsd/surefire-test-report-3.0.xsd" version="3.0" name="com.MyNotes.INoteApplicationTests" time="36.157" tests="1" errors="0" skipped="0" failures="0">
  <properties>
[...]
</properties>
  <testcase name="contextLoads" classname="com.MyNotes.INoteApplicationTests" time="1.008">
    <system-out><![CDATA[22:22:59.851 [main] INFO org.springframework.test.context.support.AnnotationConfigContextLoaderUtils -- Could not detect default configuration classes for test class [com.MyNotes.INoteApplicationTests]: INoteApplicationTests does not declare any static, non-private, non-final, nested classes annotated with @Configuration.
22:23:00.010 [main] INFO org.springframework.boot.test.context.SpringBootTestContextBootstrapper -- Found @SpringBootConfiguration com.MyNotes.INoteApplication for test class com.MyNotes.INoteApplicationTests

  .   ____          _            __ _ _
 /\\ / ___'_ __ _ _(_)_ __  __ _ \ \ \ \
( ( )\___ | '_ | '_| | '_ \/ _` | \ \ \ \
 \\/  ___)| |_)| | | | | || (_| |  ) ) ) )
  '  |____| .__|_| |_|_| |_\__, | / / / /
 =========|_|==============|___/=/_/_/_/
 :: Spring Boot ::                (v3.1.2)

2023-09-04T22:23:00.705+05:30  INFO 20364 --- [           main] com.MyNotes.INoteApplicationTests        : Starting INoteApplicationTests using Java 17.0.6 with PID 20364 (started by VISHAL in D:\springBoot\INoteApplication)
2023-09-04T22:23:00.708+05:30  INFO 20364 --- [           main] com.MyNotes.INoteApplicationTests        : No active profile set, falling back to 1 default profile: "default"
2023-09-04T22:23:01.639+05:30  INFO 20364 --- [           main] .s.d.r.c.RepositoryConfigurationDelegate : Bootstrapping Spring Data JPA repositories in DEFAULT mode.
2023-09-04T22:23:01.733+05:30  INFO 20364 --- [           main] .s.d.r.c.RepositoryConfigurationDelegate : Finished Spring Data repository scanning in 79 ms. Found 4 JPA repository interfaces.
2023-09-04T22:23:02.773+05:30  INFO 20364 --- [           main] o.hibernate.jpa.internal.util.LogHelper  : HHH000204: Processing PersistenceUnitInfo [name: default]
2023-09-04T22:23:03.077+05:30  INFO 20364 --- [           main] org.hibernate.Version                    : HHH000412: Hibernate ORM core version 6.2.6.Final
2023-09-04T22:23:03.081+05:30  INFO 20364 --- [           main] org.hibernate.cfg.Environment            : HHH000406: Using bytecode reflection optimizer
2023-09-04T22:23:03.451+05:30  INFO 20364 --- [           main] o.h.b.i.BytecodeProviderInitiator        : HHH000021: Bytecode provider name : bytebuddy
2023-09-04T22:23:03.630+05:30  INFO 20364 --- [           main] o.s.o.j.p.SpringPersistenceUnitInfo      : No LoadTimeWeaver setup: ignoring JPA class transformer
2023-09-04T22:23:03.656+05:30  INFO 20364 --- [           main] com.zaxxer.hikari.HikariDataSource       : HikariPool-1 - Starting...
2023-09-04T22:23:22.695+05:30  INFO 20364 --- [           main] com.zaxxer.hikari.pool.HikariPool        : HikariPool-1 - Added connection com.mysql.cj.jdbc.ConnectionImpl@1de85972
2023-09-04T22:23:22.703+05:30  INFO 20364 --- [           main] com.zaxxer.hikari.HikariDataSource       : HikariPool-1 - Start completed.
2023-09-04T22:23:23.608+05:30  INFO 20364 --- [           main] o.h.b.i.BytecodeProviderInitiator        : HHH000021: Bytecode provider name : bytebuddy
2023-09-04T22:23:24.922+05:30  INFO 20364 --- [           main] o.h.e.t.j.p.i.JtaPlatformInitiator       : HHH000490: Using JtaPlatform implementation: [org.hibernate.engine.transaction.jta.platform.internal.NoJtaPlatform]
2023-09-04T22:23:31.494+05:30  INFO 20364 --- [           main] j.LocalContainerEntityManagerFactoryBean : Initialized JPA EntityManagerFactory for persistence unit 'default'
2023-09-04T22:23:33.079+05:30  WARN 20364 --- [           main] JpaBaseConfiguration$JpaWebConfiguration : spring.jpa.open-in-view is enabled by default. Therefore, database queries may be performed during view rendering. Explicitly configure spring.jpa.open-in-view to disable this warning
2023-09-04T22:23:34.001+05:30  INFO 20364 --- [           main] o.s.s.web.DefaultSecurityFilterChain     : Will secure any request with [org.springframework.security.web.session.DisableEncodeUrlFilter@5101b9, org.springframework.security.web.context.request.async.WebAsyncManagerIntegrationFilter@40273969, org.springframework.security.web.context.SecurityContextHolderFilter@5625e7e1, org.springframework.security.web.header.HeaderWriterFilter@2ca464bb, org.springframework.web.filter.CorsFilter@5ec25b61, org.springframework.security.web.authentication.logout.LogoutFilter@452a32f2, com.MyNotes.security.JwtAuthenticationFilter@7db679, org.springframework.security.web.savedrequest.RequestCacheAwareFilter@77d42ed7, org.springframework.security.web.servletapi.SecurityContextHolderAwareRequestFilter@75c45c4b, org.springframework.security.web.authentication.AnonymousAuthenticationFilter@7da40bf4, org.springframework.security.web.session.SessionManagementFilter@4f63909f, org.springframework.security.web.access.ExceptionTranslationFilter@6e5df971, org.springframework.security.web.access.intercept.AuthorizationFilter@46878216]
2023-09-04T22:23:34.709+05:30  INFO 20364 --- [           main] com.MyNotes.INoteApplicationTests        : Started INoteApplicationTests in 34.449 seconds (process running for 35.871)
]]></system-out>
  </testcase>
</testsuite>